Build started 2020/5/28 6:39:28.
     1>Project "C:\Users\18007\Documents\Visual Studio 2012\Projects\MFC_Experiments\MFC_Experiments\MFC_Experiments.vcxproj" on node 2 (Build target(s)).
     1>ClCompile:
         C:\Program Files (x86)\Microsoft Visual Studio 11.0\VC\bin\CL.exe /c /ZI /nologo /W3 /WX- /sdl /Od /Oy- /D WIN32 /D _WINDOWS /D _DEBUG /D _UNICODE /D UNICODE /Gm /EHsc /RTC1 /MTd /GS /fp:precise /Zc:wchar_t /Zc:forScope /Yu"stdafx.h" /Fp"Debug\MFC_Experiments.pch" /Fo"Debug\\" /Fd"Debug\vc110.pdb" /Gd /TP /analyze- /errorReport:prompt CoinFlipDlg.cpp
         CoinFlipDlg.cpp
     1>c:\users\18007\documents\visual studio 2012\projects\mfc_experiments\mfc_experiments\coinflipdlg.cpp(64): warning C4244: 'return' : conversion from 'double' to 'float', possible loss of data
     1>c:\users\18007\documents\visual studio 2012\projects\mfc_experiments\mfc_experiments\coinflipdlg.cpp(112): warning C4244: '+=' : conversion from 'double' to 'int', possible loss of data
     1>c:\users\18007\documents\visual studio 2012\projects\mfc_experiments\mfc_experiments\coinflipdlg.cpp(116): warning C4244: 'argument' : conversion from 'int' to 'const float', possible loss of data
       Link:
         C:\Program Files (x86)\Microsoft Visual Studio 11.0\VC\bin\link.exe /ERRORREPORT:PROMPT /OUT:"C:\Users\18007\Documents\Visual Studio 2012\Projects\MFC_Experiments\Debug\MFC_Experiments.exe" /INCREMENTAL /NOLOGO /MANIFEST /MANIFESTUAC:"level='asInvoker' uiAccess='false'" /manifest:embed /manifestinput:"C:\Program Files (x86)\Microsoft Visual Studio 11.0\VC\Include\Manifest\dpiaware.manifest" /DEBUG /PDB:"C:\Users\18007\Documents\Visual Studio 2012\Projects\MFC_Experiments\Debug\MFC_Experiments.pdb" /SUBSYSTEM:WINDOWS /TLBID:1 /ENTRY:"wWinMainCRTStartup" /DYNAMICBASE /NXCOMPAT /IMPLIB:"C:\Users\18007\Documents\Visual Studio 2012\Projects\MFC_Experiments\Debug\MFC_Experiments.lib" /MACHINE:X86 Debug\MFC_Experiments.res
         Debug\CoinFlipDlg.obj
         Debug\Inv_handler.obj
         Debug\RandomStream.obj
         Debug\QueueingSolvers.obj
         Debug\InventoryDlg.obj
         Debug\InventoryResultListDlg.obj
         Debug\MFC_Experiments.obj
         Debug\MFC_ExperimentsDlg.obj
         Debug\QueueingDlg.obj
         Debug\stdafx.obj
         MFC_Experiments.vcxproj -> C:\Users\18007\Documents\Visual Studio 2012\Projects\MFC_Experiments\Debug\MFC_Experiments.exe
     1>Done Building Project "C:\Users\18007\Documents\Visual Studio 2012\Projects\MFC_Experiments\MFC_Experiments\MFC_Experiments.vcxproj" (Build target(s)).

Build succeeded.

Time Elapsed 00:00:01.32
