C:\USERS\18007\DOCUMENTS\VISUAL STUDIO 2012\PROJECTS\MFC_EXPERIMENTS\MFC_EXPERIMENTS\DEBUG\MFC_EXPERIMENTS.PCH
C:\USERS\18007\DOCUMENTS\VISUAL STUDIO 2012\PROJECTS\MFC_EXPERIMENTS\MFC_EXPERIMENTS\DEBUG\STDAFX.OBJ
C:\USERS\18007\DOCUMENTS\VISUAL STUDIO 2012\PROJECTS\MFC_EXPERIMENTS\MFC_EXPERIMENTS\DEBUG\VC110.PDB
C:\USERS\18007\DOCUMENTS\VISUAL STUDIO 2012\PROJECTS\MFC_EXPERIMENTS\MFC_EXPERIMENTS\DEBUG\COINFLIPDLG.OBJ
C:\USERS\18007\DOCUMENTS\VISUAL STUDIO 2012\PROJECTS\MFC_EXPERIMENTS\MFC_EXPERIMENTS\DEBUG\INVENTORYDLG.OBJ
C:\USERS\18007\DOCUMENTS\VISUAL STUDIO 2012\PROJECTS\MFC_EXPERIMENTS\MFC_EXPERIMENTS\DEBUG\INVENTORYRESULTLISTDLG.OBJ
C:\USERS\18007\DOCUMENTS\VISUAL STUDIO 2012\PROJECTS\MFC_EXPERIMENTS\MFC_EXPERIMENTS\DEBUG\MFC_EXPERIMENTS.OBJ
C:\USERS\18007\DOCUMENTS\VISUAL STUDIO 2012\PROJECTS\MFC_EXPERIMENTS\MFC_EXPERIMENTS\DEBUG\MFC_EXPERIMENTSDLG.OBJ
C:\USERS\18007\DOCUMENTS\VISUAL STUDIO 2012\PROJECTS\MFC_EXPERIMENTS\MFC_EXPERIMENTS\DEBUG\QUEUEINGDLG.OBJ
C:\USERS\18007\DOCUMENTS\VISUAL STUDIO 2012\PROJECTS\MFC_EXPERIMENTS\MFC_EXPERIMENTS\DEBUG\LCGRAND.OBJ
C:\USERS\18007\DOCUMENTS\VISUAL STUDIO 2012\PROJECTS\MFC_EXPERIMENTS\MFC_EXPERIMENTS\DEBUG\QUEUEINGSOLVERS.OBJ
C:\USERS\18007\DOCUMENTS\VISUAL STUDIO 2012\PROJECTS\MFC_EXPERIMENTS\MFC_EXPERIMENTS\DEBUG\RANDOMSTREAM.OBJ
C:\USERS\18007\DOCUMENTS\VISUAL STUDIO 2012\PROJECTS\MFC_EXPERIMENTS\MFC_EXPERIMENTS\DEBUG\INV_HANDLER.OBJ
C:\USERS\18007\DOCUMENTS\VISUAL STUDIO 2012\PROJECTS\MFC_EXPERIMENTS\MFC_EXPERIMENTS\DEBUG\MFC_EXPERIMENTS.RES
C:\Users\18007\Documents\Visual Studio 2012\Projects\MFC_Experiments\MFC_Experiments\Debug\CoinFlipDlg.obj
C:\Users\18007\Documents\Visual Studio 2012\Projects\MFC_Experiments\MFC_Experiments\Debug\InventoryDlg.obj
C:\Users\18007\Documents\Visual Studio 2012\Projects\MFC_Experiments\MFC_Experiments\Debug\InventoryResultListDlg.obj
C:\Users\18007\Documents\Visual Studio 2012\Projects\MFC_Experiments\MFC_Experiments\Debug\Inv_handler.obj
C:\Users\18007\Documents\Visual Studio 2012\Projects\MFC_Experiments\MFC_Experiments\Debug\lcgrand.obj
C:\Users\18007\Documents\Visual Studio 2012\Projects\MFC_Experiments\MFC_Experiments\Debug\MFC_Experiments.obj
C:\Users\18007\Documents\Visual Studio 2012\Projects\MFC_Experiments\MFC_Experiments\Debug\MFC_ExperimentsDlg.obj
C:\Users\18007\Documents\Visual Studio 2012\Projects\MFC_Experiments\MFC_Experiments\Debug\QueueingDlg.obj
C:\Users\18007\Documents\Visual Studio 2012\Projects\MFC_Experiments\MFC_Experiments\Debug\QueueingSolvers.obj
C:\Users\18007\Documents\Visual Studio 2012\Projects\MFC_Experiments\MFC_Experiments\Debug\RandomStream.obj
C:\Users\18007\Documents\Visual Studio 2012\Projects\MFC_Experiments\MFC_Experiments\Debug\stdafx.obj
C:\Users\18007\Documents\Visual Studio 2012\Projects\MFC_Experiments\MFC_Experiments\Debug\cl.command.1.tlog
C:\Users\18007\Documents\Visual Studio 2012\Projects\MFC_Experiments\MFC_Experiments\Debug\CL.read.1.tlog
C:\Users\18007\Documents\Visual Studio 2012\Projects\MFC_Experiments\MFC_Experiments\Debug\CL.write.1.tlog
C:\Users\18007\Documents\Visual Studio 2012\Projects\MFC_Experiments\MFC_Experiments\Debug\link-cvtres.read.1.tlog
C:\Users\18007\Documents\Visual Studio 2012\Projects\MFC_Experiments\MFC_Experiments\Debug\link-cvtres.write.1.tlog
C:\Users\18007\Documents\Visual Studio 2012\Projects\MFC_Experiments\MFC_Experiments\Debug\link-mt.read.1.tlog
C:\Users\18007\Documents\Visual Studio 2012\Projects\MFC_Experiments\MFC_Experiments\Debug\link-mt.write.1.tlog
C:\Users\18007\Documents\Visual Studio 2012\Projects\MFC_Experiments\MFC_Experiments\Debug\link-rc.read.1.tlog
C:\Users\18007\Documents\Visual Studio 2012\Projects\MFC_Experiments\MFC_Experiments\Debug\link-rc.write.1.tlog
C:\Users\18007\Documents\Visual Studio 2012\Projects\MFC_Experiments\MFC_Experiments\Debug\link.11844-cvtres.read.1.tlog
C:\Users\18007\Documents\Visual Studio 2012\Projects\MFC_Experiments\MFC_Experiments\Debug\link.11844-cvtres.write.1.tlog
C:\Users\18007\Documents\Visual Studio 2012\Projects\MFC_Experiments\MFC_Experiments\Debug\link.11844-mt.read.1.tlog
C:\Users\18007\Documents\Visual Studio 2012\Projects\MFC_Experiments\MFC_Experiments\Debug\link.11844-mt.write.1.tlog
C:\Users\18007\Documents\Visual Studio 2012\Projects\MFC_Experiments\MFC_Experiments\Debug\link.11844-rc.read.1.tlog
C:\Users\18007\Documents\Visual Studio 2012\Projects\MFC_Experiments\MFC_Experiments\Debug\link.11844-rc.write.1.tlog
C:\Users\18007\Documents\Visual Studio 2012\Projects\MFC_Experiments\MFC_Experiments\Debug\link.11844.read.1.tlog
C:\Users\18007\Documents\Visual Studio 2012\Projects\MFC_Experiments\MFC_Experiments\Debug\link.11844.write.1.tlog
C:\Users\18007\Documents\Visual Studio 2012\Projects\MFC_Experiments\MFC_Experiments\Debug\link.12060-cvtres.read.1.tlog
C:\Users\18007\Documents\Visual Studio 2012\Projects\MFC_Experiments\MFC_Experiments\Debug\link.12060-cvtres.write.1.tlog
C:\Users\18007\Documents\Visual Studio 2012\Projects\MFC_Experiments\MFC_Experiments\Debug\link.12060-mt.read.1.tlog
C:\Users\18007\Documents\Visual Studio 2012\Projects\MFC_Experiments\MFC_Experiments\Debug\link.12060-mt.write.1.tlog
C:\Users\18007\Documents\Visual Studio 2012\Projects\MFC_Experiments\MFC_Experiments\Debug\link.12060-rc.read.1.tlog
C:\Users\18007\Documents\Visual Studio 2012\Projects\MFC_Experiments\MFC_Experiments\Debug\link.12060-rc.write.1.tlog
C:\Users\18007\Documents\Visual Studio 2012\Projects\MFC_Experiments\MFC_Experiments\Debug\link.12060.read.1.tlog
C:\Users\18007\Documents\Visual Studio 2012\Projects\MFC_Experiments\MFC_Experiments\Debug\link.12060.write.1.tlog
C:\Users\18007\Documents\Visual Studio 2012\Projects\MFC_Experiments\MFC_Experiments\Debug\link.13516-cvtres.read.1.tlog
C:\Users\18007\Documents\Visual Studio 2012\Projects\MFC_Experiments\MFC_Experiments\Debug\link.13516-cvtres.write.1.tlog
C:\Users\18007\Documents\Visual Studio 2012\Projects\MFC_Experiments\MFC_Experiments\Debug\link.13516-mt.read.1.tlog
C:\Users\18007\Documents\Visual Studio 2012\Projects\MFC_Experiments\MFC_Experiments\Debug\link.13516-mt.write.1.tlog
C:\Users\18007\Documents\Visual Studio 2012\Projects\MFC_Experiments\MFC_Experiments\Debug\link.13516-rc.read.1.tlog
C:\Users\18007\Documents\Visual Studio 2012\Projects\MFC_Experiments\MFC_Experiments\Debug\link.13516-rc.write.1.tlog
C:\Users\18007\Documents\Visual Studio 2012\Projects\MFC_Experiments\MFC_Experiments\Debug\link.13516.read.1.tlog
C:\Users\18007\Documents\Visual Studio 2012\Projects\MFC_Experiments\MFC_Experiments\Debug\link.13516.write.1.tlog
C:\Users\18007\Documents\Visual Studio 2012\Projects\MFC_Experiments\MFC_Experiments\Debug\link.13556-cvtres.read.1.tlog
C:\Users\18007\Documents\Visual Studio 2012\Projects\MFC_Experiments\MFC_Experiments\Debug\link.13556-cvtres.write.1.tlog
C:\Users\18007\Documents\Visual Studio 2012\Projects\MFC_Experiments\MFC_Experiments\Debug\link.13556-mt.read.1.tlog
C:\Users\18007\Documents\Visual Studio 2012\Projects\MFC_Experiments\MFC_Experiments\Debug\link.13556-mt.write.1.tlog
C:\Users\18007\Documents\Visual Studio 2012\Projects\MFC_Experiments\MFC_Experiments\Debug\link.13556-rc.read.1.tlog
C:\Users\18007\Documents\Visual Studio 2012\Projects\MFC_Experiments\MFC_Experiments\Debug\link.13556-rc.write.1.tlog
C:\Users\18007\Documents\Visual Studio 2012\Projects\MFC_Experiments\MFC_Experiments\Debug\link.13556.read.1.tlog
C:\Users\18007\Documents\Visual Studio 2012\Projects\MFC_Experiments\MFC_Experiments\Debug\link.13556.write.1.tlog
C:\Users\18007\Documents\Visual Studio 2012\Projects\MFC_Experiments\MFC_Experiments\Debug\link.13592-cvtres.read.1.tlog
C:\Users\18007\Documents\Visual Studio 2012\Projects\MFC_Experiments\MFC_Experiments\Debug\link.13592-cvtres.write.1.tlog
C:\Users\18007\Documents\Visual Studio 2012\Projects\MFC_Experiments\MFC_Experiments\Debug\link.13592-mt.read.1.tlog
C:\Users\18007\Documents\Visual Studio 2012\Projects\MFC_Experiments\MFC_Experiments\Debug\link.13592-mt.write.1.tlog
C:\Users\18007\Documents\Visual Studio 2012\Projects\MFC_Experiments\MFC_Experiments\Debug\link.13592-rc.read.1.tlog
C:\Users\18007\Documents\Visual Studio 2012\Projects\MFC_Experiments\MFC_Experiments\Debug\link.13592-rc.write.1.tlog
C:\Users\18007\Documents\Visual Studio 2012\Projects\MFC_Experiments\MFC_Experiments\Debug\link.13592.read.1.tlog
C:\Users\18007\Documents\Visual Studio 2012\Projects\MFC_Experiments\MFC_Experiments\Debug\link.13592.write.1.tlog
C:\Users\18007\Documents\Visual Studio 2012\Projects\MFC_Experiments\MFC_Experiments\Debug\link.14696-cvtres.read.1.tlog
C:\Users\18007\Documents\Visual Studio 2012\Projects\MFC_Experiments\MFC_Experiments\Debug\link.14696-cvtres.write.1.tlog
C:\Users\18007\Documents\Visual Studio 2012\Projects\MFC_Experiments\MFC_Experiments\Debug\link.14696-mt.read.1.tlog
C:\Users\18007\Documents\Visual Studio 2012\Projects\MFC_Experiments\MFC_Experiments\Debug\link.14696-mt.write.1.tlog
C:\Users\18007\Documents\Visual Studio 2012\Projects\MFC_Experiments\MFC_Experiments\Debug\link.14696-rc.read.1.tlog
C:\Users\18007\Documents\Visual Studio 2012\Projects\MFC_Experiments\MFC_Experiments\Debug\link.14696-rc.write.1.tlog
C:\Users\18007\Documents\Visual Studio 2012\Projects\MFC_Experiments\MFC_Experiments\Debug\link.14696.read.1.tlog
C:\Users\18007\Documents\Visual Studio 2012\Projects\MFC_Experiments\MFC_Experiments\Debug\link.14696.write.1.tlog
C:\Users\18007\Documents\Visual Studio 2012\Projects\MFC_Experiments\MFC_Experiments\Debug\link.1488-cvtres.read.1.tlog
C:\Users\18007\Documents\Visual Studio 2012\Projects\MFC_Experiments\MFC_Experiments\Debug\link.1488-cvtres.write.1.tlog
C:\Users\18007\Documents\Visual Studio 2012\Projects\MFC_Experiments\MFC_Experiments\Debug\link.1488-mt.read.1.tlog
C:\Users\18007\Documents\Visual Studio 2012\Projects\MFC_Experiments\MFC_Experiments\Debug\link.1488-mt.write.1.tlog
C:\Users\18007\Documents\Visual Studio 2012\Projects\MFC_Experiments\MFC_Experiments\Debug\link.1488-rc.read.1.tlog
C:\Users\18007\Documents\Visual Studio 2012\Projects\MFC_Experiments\MFC_Experiments\Debug\link.1488-rc.write.1.tlog
C:\Users\18007\Documents\Visual Studio 2012\Projects\MFC_Experiments\MFC_Experiments\Debug\link.1488.read.1.tlog
C:\Users\18007\Documents\Visual Studio 2012\Projects\MFC_Experiments\MFC_Experiments\Debug\link.1488.write.1.tlog
C:\Users\18007\Documents\Visual Studio 2012\Projects\MFC_Experiments\MFC_Experiments\Debug\link.15096-cvtres.read.1.tlog
C:\Users\18007\Documents\Visual Studio 2012\Projects\MFC_Experiments\MFC_Experiments\Debug\link.15096-cvtres.write.1.tlog
C:\Users\18007\Documents\Visual Studio 2012\Projects\MFC_Experiments\MFC_Experiments\Debug\link.15096-mt.read.1.tlog
C:\Users\18007\Documents\Visual Studio 2012\Projects\MFC_Experiments\MFC_Experiments\Debug\link.15096-mt.write.1.tlog
C:\Users\18007\Documents\Visual Studio 2012\Projects\MFC_Experiments\MFC_Experiments\Debug\link.15096-rc.read.1.tlog
C:\Users\18007\Documents\Visual Studio 2012\Projects\MFC_Experiments\MFC_Experiments\Debug\link.15096-rc.write.1.tlog
C:\Users\18007\Documents\Visual Studio 2012\Projects\MFC_Experiments\MFC_Experiments\Debug\link.15096.read.1.tlog
C:\Users\18007\Documents\Visual Studio 2012\Projects\MFC_Experiments\MFC_Experiments\Debug\link.15096.write.1.tlog
C:\Users\18007\Documents\Visual Studio 2012\Projects\MFC_Experiments\MFC_Experiments\Debug\link.15592-cvtres.read.1.tlog
C:\Users\18007\Documents\Visual Studio 2012\Projects\MFC_Experiments\MFC_Experiments\Debug\link.15592-cvtres.write.1.tlog
C:\Users\18007\Documents\Visual Studio 2012\Projects\MFC_Experiments\MFC_Experiments\Debug\link.15592-mt.read.1.tlog
C:\Users\18007\Documents\Visual Studio 2012\Projects\MFC_Experiments\MFC_Experiments\Debug\link.15592-mt.write.1.tlog
C:\Users\18007\Documents\Visual Studio 2012\Projects\MFC_Experiments\MFC_Experiments\Debug\link.15592-rc.read.1.tlog
C:\Users\18007\Documents\Visual Studio 2012\Projects\MFC_Experiments\MFC_Experiments\Debug\link.15592-rc.write.1.tlog
C:\Users\18007\Documents\Visual Studio 2012\Projects\MFC_Experiments\MFC_Experiments\Debug\link.15592.read.1.tlog
C:\Users\18007\Documents\Visual Studio 2012\Projects\MFC_Experiments\MFC_Experiments\Debug\link.15592.write.1.tlog
C:\Users\18007\Documents\Visual Studio 2012\Projects\MFC_Experiments\MFC_Experiments\Debug\link.16228-cvtres.read.1.tlog
C:\Users\18007\Documents\Visual Studio 2012\Projects\MFC_Experiments\MFC_Experiments\Debug\link.16228-cvtres.write.1.tlog
C:\Users\18007\Documents\Visual Studio 2012\Projects\MFC_Experiments\MFC_Experiments\Debug\link.16228-mt.read.1.tlog
C:\Users\18007\Documents\Visual Studio 2012\Projects\MFC_Experiments\MFC_Experiments\Debug\link.16228-mt.write.1.tlog
C:\Users\18007\Documents\Visual Studio 2012\Projects\MFC_Experiments\MFC_Experiments\Debug\link.16228-rc.read.1.tlog
C:\Users\18007\Documents\Visual Studio 2012\Projects\MFC_Experiments\MFC_Experiments\Debug\link.16228-rc.write.1.tlog
C:\Users\18007\Documents\Visual Studio 2012\Projects\MFC_Experiments\MFC_Experiments\Debug\link.16228.read.1.tlog
C:\Users\18007\Documents\Visual Studio 2012\Projects\MFC_Experiments\MFC_Experiments\Debug\link.16228.write.1.tlog
C:\Users\18007\Documents\Visual Studio 2012\Projects\MFC_Experiments\MFC_Experiments\Debug\link.16564-cvtres.read.1.tlog
C:\Users\18007\Documents\Visual Studio 2012\Projects\MFC_Experiments\MFC_Experiments\Debug\link.16564-cvtres.write.1.tlog
C:\Users\18007\Documents\Visual Studio 2012\Projects\MFC_Experiments\MFC_Experiments\Debug\link.16564-mt.read.1.tlog
C:\Users\18007\Documents\Visual Studio 2012\Projects\MFC_Experiments\MFC_Experiments\Debug\link.16564-mt.write.1.tlog
C:\Users\18007\Documents\Visual Studio 2012\Projects\MFC_Experiments\MFC_Experiments\Debug\link.16564-rc.read.1.tlog
C:\Users\18007\Documents\Visual Studio 2012\Projects\MFC_Experiments\MFC_Experiments\Debug\link.16564-rc.write.1.tlog
C:\Users\18007\Documents\Visual Studio 2012\Projects\MFC_Experiments\MFC_Experiments\Debug\link.16564.read.1.tlog
C:\Users\18007\Documents\Visual Studio 2012\Projects\MFC_Experiments\MFC_Experiments\Debug\link.16564.write.1.tlog
C:\Users\18007\Documents\Visual Studio 2012\Projects\MFC_Experiments\MFC_Experiments\Debug\link.17460-cvtres.read.1.tlog
C:\Users\18007\Documents\Visual Studio 2012\Projects\MFC_Experiments\MFC_Experiments\Debug\link.17460-cvtres.write.1.tlog
C:\Users\18007\Documents\Visual Studio 2012\Projects\MFC_Experiments\MFC_Experiments\Debug\link.17460-mt.read.1.tlog
C:\Users\18007\Documents\Visual Studio 2012\Projects\MFC_Experiments\MFC_Experiments\Debug\link.17460-mt.write.1.tlog
C:\Users\18007\Documents\Visual Studio 2012\Projects\MFC_Experiments\MFC_Experiments\Debug\link.17460-rc.read.1.tlog
C:\Users\18007\Documents\Visual Studio 2012\Projects\MFC_Experiments\MFC_Experiments\Debug\link.17460-rc.write.1.tlog
C:\Users\18007\Documents\Visual Studio 2012\Projects\MFC_Experiments\MFC_Experiments\Debug\link.17460.read.1.tlog
C:\Users\18007\Documents\Visual Studio 2012\Projects\MFC_Experiments\MFC_Experiments\Debug\link.17460.write.1.tlog
C:\Users\18007\Documents\Visual Studio 2012\Projects\MFC_Experiments\MFC_Experiments\Debug\link.17796-cvtres.read.1.tlog
C:\Users\18007\Documents\Visual Studio 2012\Projects\MFC_Experiments\MFC_Experiments\Debug\link.17796-cvtres.write.1.tlog
C:\Users\18007\Documents\Visual Studio 2012\Projects\MFC_Experiments\MFC_Experiments\Debug\link.17796-mt.read.1.tlog
C:\Users\18007\Documents\Visual Studio 2012\Projects\MFC_Experiments\MFC_Experiments\Debug\link.17796-mt.write.1.tlog
C:\Users\18007\Documents\Visual Studio 2012\Projects\MFC_Experiments\MFC_Experiments\Debug\link.17796-rc.read.1.tlog
C:\Users\18007\Documents\Visual Studio 2012\Projects\MFC_Experiments\MFC_Experiments\Debug\link.17796-rc.write.1.tlog
C:\Users\18007\Documents\Visual Studio 2012\Projects\MFC_Experiments\MFC_Experiments\Debug\link.17796.read.1.tlog
C:\Users\18007\Documents\Visual Studio 2012\Projects\MFC_Experiments\MFC_Experiments\Debug\link.17796.write.1.tlog
C:\Users\18007\Documents\Visual Studio 2012\Projects\MFC_Experiments\MFC_Experiments\Debug\link.17984-cvtres.read.1.tlog
C:\Users\18007\Documents\Visual Studio 2012\Projects\MFC_Experiments\MFC_Experiments\Debug\link.17984-cvtres.write.1.tlog
C:\Users\18007\Documents\Visual Studio 2012\Projects\MFC_Experiments\MFC_Experiments\Debug\link.17984-mt.read.1.tlog
C:\Users\18007\Documents\Visual Studio 2012\Projects\MFC_Experiments\MFC_Experiments\Debug\link.17984-mt.write.1.tlog
C:\Users\18007\Documents\Visual Studio 2012\Projects\MFC_Experiments\MFC_Experiments\Debug\link.17984-rc.read.1.tlog
C:\Users\18007\Documents\Visual Studio 2012\Projects\MFC_Experiments\MFC_Experiments\Debug\link.17984-rc.write.1.tlog
C:\Users\18007\Documents\Visual Studio 2012\Projects\MFC_Experiments\MFC_Experiments\Debug\link.17984.read.1.tlog
C:\Users\18007\Documents\Visual Studio 2012\Projects\MFC_Experiments\MFC_Experiments\Debug\link.17984.write.1.tlog
C:\Users\18007\Documents\Visual Studio 2012\Projects\MFC_Experiments\MFC_Experiments\Debug\link.19532-cvtres.read.1.tlog
C:\Users\18007\Documents\Visual Studio 2012\Projects\MFC_Experiments\MFC_Experiments\Debug\link.19532-cvtres.write.1.tlog
C:\Users\18007\Documents\Visual Studio 2012\Projects\MFC_Experiments\MFC_Experiments\Debug\link.19532-mt.read.1.tlog
C:\Users\18007\Documents\Visual Studio 2012\Projects\MFC_Experiments\MFC_Experiments\Debug\link.19532-mt.write.1.tlog
C:\Users\18007\Documents\Visual Studio 2012\Projects\MFC_Experiments\MFC_Experiments\Debug\link.19532-rc.read.1.tlog
C:\Users\18007\Documents\Visual Studio 2012\Projects\MFC_Experiments\MFC_Experiments\Debug\link.19532-rc.write.1.tlog
C:\Users\18007\Documents\Visual Studio 2012\Projects\MFC_Experiments\MFC_Experiments\Debug\link.19532.read.1.tlog
C:\Users\18007\Documents\Visual Studio 2012\Projects\MFC_Experiments\MFC_Experiments\Debug\link.19532.write.1.tlog
C:\Users\18007\Documents\Visual Studio 2012\Projects\MFC_Experiments\MFC_Experiments\Debug\link.19604-cvtres.read.1.tlog
C:\Users\18007\Documents\Visual Studio 2012\Projects\MFC_Experiments\MFC_Experiments\Debug\link.19604-cvtres.write.1.tlog
C:\Users\18007\Documents\Visual Studio 2012\Projects\MFC_Experiments\MFC_Experiments\Debug\link.19604-mt.read.1.tlog
C:\Users\18007\Documents\Visual Studio 2012\Projects\MFC_Experiments\MFC_Experiments\Debug\link.19604-mt.write.1.tlog
C:\Users\18007\Documents\Visual Studio 2012\Projects\MFC_Experiments\MFC_Experiments\Debug\link.19604-rc.read.1.tlog
C:\Users\18007\Documents\Visual Studio 2012\Projects\MFC_Experiments\MFC_Experiments\Debug\link.19604-rc.write.1.tlog
C:\Users\18007\Documents\Visual Studio 2012\Projects\MFC_Experiments\MFC_Experiments\Debug\link.19604.read.1.tlog
C:\Users\18007\Documents\Visual Studio 2012\Projects\MFC_Experiments\MFC_Experiments\Debug\link.19604.write.1.tlog
C:\Users\18007\Documents\Visual Studio 2012\Projects\MFC_Experiments\MFC_Experiments\Debug\link.19916-cvtres.read.1.tlog
C:\Users\18007\Documents\Visual Studio 2012\Projects\MFC_Experiments\MFC_Experiments\Debug\link.19916-cvtres.write.1.tlog
C:\Users\18007\Documents\Visual Studio 2012\Projects\MFC_Experiments\MFC_Experiments\Debug\link.19916-mt.read.1.tlog
C:\Users\18007\Documents\Visual Studio 2012\Projects\MFC_Experiments\MFC_Experiments\Debug\link.19916-mt.write.1.tlog
C:\Users\18007\Documents\Visual Studio 2012\Projects\MFC_Experiments\MFC_Experiments\Debug\link.19916-rc.read.1.tlog
C:\Users\18007\Documents\Visual Studio 2012\Projects\MFC_Experiments\MFC_Experiments\Debug\link.19916-rc.write.1.tlog
C:\Users\18007\Documents\Visual Studio 2012\Projects\MFC_Experiments\MFC_Experiments\Debug\link.19916.read.1.tlog
C:\Users\18007\Documents\Visual Studio 2012\Projects\MFC_Experiments\MFC_Experiments\Debug\link.19916.write.1.tlog
C:\Users\18007\Documents\Visual Studio 2012\Projects\MFC_Experiments\MFC_Experiments\Debug\link.20268-cvtres.read.1.tlog
C:\Users\18007\Documents\Visual Studio 2012\Projects\MFC_Experiments\MFC_Experiments\Debug\link.20268-cvtres.write.1.tlog
C:\Users\18007\Documents\Visual Studio 2012\Projects\MFC_Experiments\MFC_Experiments\Debug\link.20268-mt.read.1.tlog
C:\Users\18007\Documents\Visual Studio 2012\Projects\MFC_Experiments\MFC_Experiments\Debug\link.20268-mt.write.1.tlog
C:\Users\18007\Documents\Visual Studio 2012\Projects\MFC_Experiments\MFC_Experiments\Debug\link.20268-rc.read.1.tlog
C:\Users\18007\Documents\Visual Studio 2012\Projects\MFC_Experiments\MFC_Experiments\Debug\link.20268-rc.write.1.tlog
C:\Users\18007\Documents\Visual Studio 2012\Projects\MFC_Experiments\MFC_Experiments\Debug\link.20268.read.1.tlog
C:\Users\18007\Documents\Visual Studio 2012\Projects\MFC_Experiments\MFC_Experiments\Debug\link.20268.write.1.tlog
C:\Users\18007\Documents\Visual Studio 2012\Projects\MFC_Experiments\MFC_Experiments\Debug\link.21328-cvtres.read.1.tlog
C:\Users\18007\Documents\Visual Studio 2012\Projects\MFC_Experiments\MFC_Experiments\Debug\link.21328-cvtres.write.1.tlog
C:\Users\18007\Documents\Visual Studio 2012\Projects\MFC_Experiments\MFC_Experiments\Debug\link.21328-mt.read.1.tlog
C:\Users\18007\Documents\Visual Studio 2012\Projects\MFC_Experiments\MFC_Experiments\Debug\link.21328-mt.write.1.tlog
C:\Users\18007\Documents\Visual Studio 2012\Projects\MFC_Experiments\MFC_Experiments\Debug\link.21328-rc.read.1.tlog
C:\Users\18007\Documents\Visual Studio 2012\Projects\MFC_Experiments\MFC_Experiments\Debug\link.21328-rc.write.1.tlog
C:\Users\18007\Documents\Visual Studio 2012\Projects\MFC_Experiments\MFC_Experiments\Debug\link.21328.read.1.tlog
C:\Users\18007\Documents\Visual Studio 2012\Projects\MFC_Experiments\MFC_Experiments\Debug\link.21328.write.1.tlog
C:\Users\18007\Documents\Visual Studio 2012\Projects\MFC_Experiments\MFC_Experiments\Debug\link.21572-cvtres.read.1.tlog
C:\Users\18007\Documents\Visual Studio 2012\Projects\MFC_Experiments\MFC_Experiments\Debug\link.21572-cvtres.write.1.tlog
C:\Users\18007\Documents\Visual Studio 2012\Projects\MFC_Experiments\MFC_Experiments\Debug\link.21572-mt.read.1.tlog
C:\Users\18007\Documents\Visual Studio 2012\Projects\MFC_Experiments\MFC_Experiments\Debug\link.21572-mt.write.1.tlog
C:\Users\18007\Documents\Visual Studio 2012\Projects\MFC_Experiments\MFC_Experiments\Debug\link.21572-rc.read.1.tlog
C:\Users\18007\Documents\Visual Studio 2012\Projects\MFC_Experiments\MFC_Experiments\Debug\link.21572-rc.write.1.tlog
C:\Users\18007\Documents\Visual Studio 2012\Projects\MFC_Experiments\MFC_Experiments\Debug\link.21572.read.1.tlog
C:\Users\18007\Documents\Visual Studio 2012\Projects\MFC_Experiments\MFC_Experiments\Debug\link.21572.write.1.tlog
C:\Users\18007\Documents\Visual Studio 2012\Projects\MFC_Experiments\MFC_Experiments\Debug\link.22016-cvtres.read.1.tlog
C:\Users\18007\Documents\Visual Studio 2012\Projects\MFC_Experiments\MFC_Experiments\Debug\link.22016-cvtres.write.1.tlog
C:\Users\18007\Documents\Visual Studio 2012\Projects\MFC_Experiments\MFC_Experiments\Debug\link.22016-mt.read.1.tlog
C:\Users\18007\Documents\Visual Studio 2012\Projects\MFC_Experiments\MFC_Experiments\Debug\link.22016-mt.write.1.tlog
C:\Users\18007\Documents\Visual Studio 2012\Projects\MFC_Experiments\MFC_Experiments\Debug\link.22016-rc.read.1.tlog
C:\Users\18007\Documents\Visual Studio 2012\Projects\MFC_Experiments\MFC_Experiments\Debug\link.22016-rc.write.1.tlog
C:\Users\18007\Documents\Visual Studio 2012\Projects\MFC_Experiments\MFC_Experiments\Debug\link.22016.read.1.tlog
C:\Users\18007\Documents\Visual Studio 2012\Projects\MFC_Experiments\MFC_Experiments\Debug\link.22016.write.1.tlog
C:\Users\18007\Documents\Visual Studio 2012\Projects\MFC_Experiments\MFC_Experiments\Debug\link.2204-cvtres.read.1.tlog
C:\Users\18007\Documents\Visual Studio 2012\Projects\MFC_Experiments\MFC_Experiments\Debug\link.2204-cvtres.write.1.tlog
C:\Users\18007\Documents\Visual Studio 2012\Projects\MFC_Experiments\MFC_Experiments\Debug\link.2204-mt.read.1.tlog
C:\Users\18007\Documents\Visual Studio 2012\Projects\MFC_Experiments\MFC_Experiments\Debug\link.2204-mt.write.1.tlog
C:\Users\18007\Documents\Visual Studio 2012\Projects\MFC_Experiments\MFC_Experiments\Debug\link.2204-rc.read.1.tlog
C:\Users\18007\Documents\Visual Studio 2012\Projects\MFC_Experiments\MFC_Experiments\Debug\link.2204-rc.write.1.tlog
C:\Users\18007\Documents\Visual Studio 2012\Projects\MFC_Experiments\MFC_Experiments\Debug\link.2204.read.1.tlog
C:\Users\18007\Documents\Visual Studio 2012\Projects\MFC_Experiments\MFC_Experiments\Debug\link.2204.write.1.tlog
C:\Users\18007\Documents\Visual Studio 2012\Projects\MFC_Experiments\MFC_Experiments\Debug\link.22204-cvtres.read.1.tlog
C:\Users\18007\Documents\Visual Studio 2012\Projects\MFC_Experiments\MFC_Experiments\Debug\link.22204-cvtres.write.1.tlog
C:\Users\18007\Documents\Visual Studio 2012\Projects\MFC_Experiments\MFC_Experiments\Debug\link.22204-mt.read.1.tlog
C:\Users\18007\Documents\Visual Studio 2012\Projects\MFC_Experiments\MFC_Experiments\Debug\link.22204-mt.write.1.tlog
C:\Users\18007\Documents\Visual Studio 2012\Projects\MFC_Experiments\MFC_Experiments\Debug\link.22204-rc.read.1.tlog
C:\Users\18007\Documents\Visual Studio 2012\Projects\MFC_Experiments\MFC_Experiments\Debug\link.22204-rc.write.1.tlog
C:\Users\18007\Documents\Visual Studio 2012\Projects\MFC_Experiments\MFC_Experiments\Debug\link.22204.read.1.tlog
C:\Users\18007\Documents\Visual Studio 2012\Projects\MFC_Experiments\MFC_Experiments\Debug\link.22204.write.1.tlog
C:\Users\18007\Documents\Visual Studio 2012\Projects\MFC_Experiments\MFC_Experiments\Debug\link.22292-cvtres.read.1.tlog
C:\Users\18007\Documents\Visual Studio 2012\Projects\MFC_Experiments\MFC_Experiments\Debug\link.22292-cvtres.write.1.tlog
C:\Users\18007\Documents\Visual Studio 2012\Projects\MFC_Experiments\MFC_Experiments\Debug\link.22292-mt.read.1.tlog
C:\Users\18007\Documents\Visual Studio 2012\Projects\MFC_Experiments\MFC_Experiments\Debug\link.22292-mt.write.1.tlog
C:\Users\18007\Documents\Visual Studio 2012\Projects\MFC_Experiments\MFC_Experiments\Debug\link.22292-rc.read.1.tlog
C:\Users\18007\Documents\Visual Studio 2012\Projects\MFC_Experiments\MFC_Experiments\Debug\link.22292-rc.write.1.tlog
C:\Users\18007\Documents\Visual Studio 2012\Projects\MFC_Experiments\MFC_Experiments\Debug\link.22292.read.1.tlog
C:\Users\18007\Documents\Visual Studio 2012\Projects\MFC_Experiments\MFC_Experiments\Debug\link.22292.write.1.tlog
C:\Users\18007\Documents\Visual Studio 2012\Projects\MFC_Experiments\MFC_Experiments\Debug\link.22380-cvtres.read.1.tlog
C:\Users\18007\Documents\Visual Studio 2012\Projects\MFC_Experiments\MFC_Experiments\Debug\link.22380-cvtres.write.1.tlog
C:\Users\18007\Documents\Visual Studio 2012\Projects\MFC_Experiments\MFC_Experiments\Debug\link.22380-mt.read.1.tlog
C:\Users\18007\Documents\Visual Studio 2012\Projects\MFC_Experiments\MFC_Experiments\Debug\link.22380-mt.write.1.tlog
C:\Users\18007\Documents\Visual Studio 2012\Projects\MFC_Experiments\MFC_Experiments\Debug\link.22380-rc.read.1.tlog
C:\Users\18007\Documents\Visual Studio 2012\Projects\MFC_Experiments\MFC_Experiments\Debug\link.22380-rc.write.1.tlog
C:\Users\18007\Documents\Visual Studio 2012\Projects\MFC_Experiments\MFC_Experiments\Debug\link.22380.read.1.tlog
C:\Users\18007\Documents\Visual Studio 2012\Projects\MFC_Experiments\MFC_Experiments\Debug\link.22380.write.1.tlog
C:\Users\18007\Documents\Visual Studio 2012\Projects\MFC_Experiments\MFC_Experiments\Debug\link.22572-cvtres.read.1.tlog
C:\Users\18007\Documents\Visual Studio 2012\Projects\MFC_Experiments\MFC_Experiments\Debug\link.22572-cvtres.write.1.tlog
C:\Users\18007\Documents\Visual Studio 2012\Projects\MFC_Experiments\MFC_Experiments\Debug\link.22572-mt.read.1.tlog
C:\Users\18007\Documents\Visual Studio 2012\Projects\MFC_Experiments\MFC_Experiments\Debug\link.22572-mt.write.1.tlog
C:\Users\18007\Documents\Visual Studio 2012\Projects\MFC_Experiments\MFC_Experiments\Debug\link.22572-rc.read.1.tlog
C:\Users\18007\Documents\Visual Studio 2012\Projects\MFC_Experiments\MFC_Experiments\Debug\link.22572-rc.write.1.tlog
C:\Users\18007\Documents\Visual Studio 2012\Projects\MFC_Experiments\MFC_Experiments\Debug\link.22572.read.1.tlog
C:\Users\18007\Documents\Visual Studio 2012\Projects\MFC_Experiments\MFC_Experiments\Debug\link.22572.write.1.tlog
C:\Users\18007\Documents\Visual Studio 2012\Projects\MFC_Experiments\MFC_Experiments\Debug\link.22704-cvtres.read.1.tlog
C:\Users\18007\Documents\Visual Studio 2012\Projects\MFC_Experiments\MFC_Experiments\Debug\link.22704-cvtres.write.1.tlog
C:\Users\18007\Documents\Visual Studio 2012\Projects\MFC_Experiments\MFC_Experiments\Debug\link.22704-mt.read.1.tlog
C:\Users\18007\Documents\Visual Studio 2012\Projects\MFC_Experiments\MFC_Experiments\Debug\link.22704-mt.write.1.tlog
C:\Users\18007\Documents\Visual Studio 2012\Projects\MFC_Experiments\MFC_Experiments\Debug\link.22704-rc.read.1.tlog
C:\Users\18007\Documents\Visual Studio 2012\Projects\MFC_Experiments\MFC_Experiments\Debug\link.22704-rc.write.1.tlog
C:\Users\18007\Documents\Visual Studio 2012\Projects\MFC_Experiments\MFC_Experiments\Debug\link.22704.read.1.tlog
C:\Users\18007\Documents\Visual Studio 2012\Projects\MFC_Experiments\MFC_Experiments\Debug\link.22704.write.1.tlog
C:\Users\18007\Documents\Visual Studio 2012\Projects\MFC_Experiments\MFC_Experiments\Debug\link.22780-cvtres.read.1.tlog
C:\Users\18007\Documents\Visual Studio 2012\Projects\MFC_Experiments\MFC_Experiments\Debug\link.22780-cvtres.write.1.tlog
C:\Users\18007\Documents\Visual Studio 2012\Projects\MFC_Experiments\MFC_Experiments\Debug\link.22780-mt.read.1.tlog
C:\Users\18007\Documents\Visual Studio 2012\Projects\MFC_Experiments\MFC_Experiments\Debug\link.22780-mt.write.1.tlog
C:\Users\18007\Documents\Visual Studio 2012\Projects\MFC_Experiments\MFC_Experiments\Debug\link.22780-rc.read.1.tlog
C:\Users\18007\Documents\Visual Studio 2012\Projects\MFC_Experiments\MFC_Experiments\Debug\link.22780-rc.write.1.tlog
C:\Users\18007\Documents\Visual Studio 2012\Projects\MFC_Experiments\MFC_Experiments\Debug\link.22780.read.1.tlog
C:\Users\18007\Documents\Visual Studio 2012\Projects\MFC_Experiments\MFC_Experiments\Debug\link.22780.write.1.tlog
C:\Users\18007\Documents\Visual Studio 2012\Projects\MFC_Experiments\MFC_Experiments\Debug\link.23108-cvtres.read.1.tlog
C:\Users\18007\Documents\Visual Studio 2012\Projects\MFC_Experiments\MFC_Experiments\Debug\link.23108-cvtres.write.1.tlog
C:\Users\18007\Documents\Visual Studio 2012\Projects\MFC_Experiments\MFC_Experiments\Debug\link.23108-mt.read.1.tlog
C:\Users\18007\Documents\Visual Studio 2012\Projects\MFC_Experiments\MFC_Experiments\Debug\link.23108-mt.write.1.tlog
C:\Users\18007\Documents\Visual Studio 2012\Projects\MFC_Experiments\MFC_Experiments\Debug\link.23108-rc.read.1.tlog
C:\Users\18007\Documents\Visual Studio 2012\Projects\MFC_Experiments\MFC_Experiments\Debug\link.23108-rc.write.1.tlog
C:\Users\18007\Documents\Visual Studio 2012\Projects\MFC_Experiments\MFC_Experiments\Debug\link.23108.read.1.tlog
C:\Users\18007\Documents\Visual Studio 2012\Projects\MFC_Experiments\MFC_Experiments\Debug\link.23108.write.1.tlog
C:\Users\18007\Documents\Visual Studio 2012\Projects\MFC_Experiments\MFC_Experiments\Debug\link.23508-cvtres.read.1.tlog
C:\Users\18007\Documents\Visual Studio 2012\Projects\MFC_Experiments\MFC_Experiments\Debug\link.23508-cvtres.write.1.tlog
C:\Users\18007\Documents\Visual Studio 2012\Projects\MFC_Experiments\MFC_Experiments\Debug\link.23508-mt.read.1.tlog
C:\Users\18007\Documents\Visual Studio 2012\Projects\MFC_Experiments\MFC_Experiments\Debug\link.23508-mt.write.1.tlog
C:\Users\18007\Documents\Visual Studio 2012\Projects\MFC_Experiments\MFC_Experiments\Debug\link.23508-rc.read.1.tlog
C:\Users\18007\Documents\Visual Studio 2012\Projects\MFC_Experiments\MFC_Experiments\Debug\link.23508-rc.write.1.tlog
C:\Users\18007\Documents\Visual Studio 2012\Projects\MFC_Experiments\MFC_Experiments\Debug\link.23508.read.1.tlog
C:\Users\18007\Documents\Visual Studio 2012\Projects\MFC_Experiments\MFC_Experiments\Debug\link.23508.write.1.tlog
C:\Users\18007\Documents\Visual Studio 2012\Projects\MFC_Experiments\MFC_Experiments\Debug\link.23524-cvtres.read.1.tlog
C:\Users\18007\Documents\Visual Studio 2012\Projects\MFC_Experiments\MFC_Experiments\Debug\link.23524-cvtres.write.1.tlog
C:\Users\18007\Documents\Visual Studio 2012\Projects\MFC_Experiments\MFC_Experiments\Debug\link.23524-mt.read.1.tlog
C:\Users\18007\Documents\Visual Studio 2012\Projects\MFC_Experiments\MFC_Experiments\Debug\link.23524-mt.write.1.tlog
C:\Users\18007\Documents\Visual Studio 2012\Projects\MFC_Experiments\MFC_Experiments\Debug\link.23524-rc.read.1.tlog
C:\Users\18007\Documents\Visual Studio 2012\Projects\MFC_Experiments\MFC_Experiments\Debug\link.23524-rc.write.1.tlog
C:\Users\18007\Documents\Visual Studio 2012\Projects\MFC_Experiments\MFC_Experiments\Debug\link.23524.read.1.tlog
C:\Users\18007\Documents\Visual Studio 2012\Projects\MFC_Experiments\MFC_Experiments\Debug\link.23524.write.1.tlog
C:\Users\18007\Documents\Visual Studio 2012\Projects\MFC_Experiments\MFC_Experiments\Debug\link.23812-cvtres.read.1.tlog
C:\Users\18007\Documents\Visual Studio 2012\Projects\MFC_Experiments\MFC_Experiments\Debug\link.23812-cvtres.write.1.tlog
C:\Users\18007\Documents\Visual Studio 2012\Projects\MFC_Experiments\MFC_Experiments\Debug\link.23812-mt.read.1.tlog
C:\Users\18007\Documents\Visual Studio 2012\Projects\MFC_Experiments\MFC_Experiments\Debug\link.23812-mt.write.1.tlog
C:\Users\18007\Documents\Visual Studio 2012\Projects\MFC_Experiments\MFC_Experiments\Debug\link.23812-rc.read.1.tlog
C:\Users\18007\Documents\Visual Studio 2012\Projects\MFC_Experiments\MFC_Experiments\Debug\link.23812-rc.write.1.tlog
C:\Users\18007\Documents\Visual Studio 2012\Projects\MFC_Experiments\MFC_Experiments\Debug\link.23812.read.1.tlog
C:\Users\18007\Documents\Visual Studio 2012\Projects\MFC_Experiments\MFC_Experiments\Debug\link.23812.write.1.tlog
C:\Users\18007\Documents\Visual Studio 2012\Projects\MFC_Experiments\MFC_Experiments\Debug\link.24080-cvtres.read.1.tlog
C:\Users\18007\Documents\Visual Studio 2012\Projects\MFC_Experiments\MFC_Experiments\Debug\link.24080-cvtres.write.1.tlog
C:\Users\18007\Documents\Visual Studio 2012\Projects\MFC_Experiments\MFC_Experiments\Debug\link.24080-mt.read.1.tlog
C:\Users\18007\Documents\Visual Studio 2012\Projects\MFC_Experiments\MFC_Experiments\Debug\link.24080-mt.write.1.tlog
C:\Users\18007\Documents\Visual Studio 2012\Projects\MFC_Experiments\MFC_Experiments\Debug\link.24080-rc.read.1.tlog
C:\Users\18007\Documents\Visual Studio 2012\Projects\MFC_Experiments\MFC_Experiments\Debug\link.24080-rc.write.1.tlog
C:\Users\18007\Documents\Visual Studio 2012\Projects\MFC_Experiments\MFC_Experiments\Debug\link.24080.read.1.tlog
C:\Users\18007\Documents\Visual Studio 2012\Projects\MFC_Experiments\MFC_Experiments\Debug\link.24080.write.1.tlog
C:\Users\18007\Documents\Visual Studio 2012\Projects\MFC_Experiments\MFC_Experiments\Debug\link.24144-cvtres.read.1.tlog
C:\Users\18007\Documents\Visual Studio 2012\Projects\MFC_Experiments\MFC_Experiments\Debug\link.24144-cvtres.write.1.tlog
C:\Users\18007\Documents\Visual Studio 2012\Projects\MFC_Experiments\MFC_Experiments\Debug\link.24144-mt.read.1.tlog
C:\Users\18007\Documents\Visual Studio 2012\Projects\MFC_Experiments\MFC_Experiments\Debug\link.24144-mt.write.1.tlog
C:\Users\18007\Documents\Visual Studio 2012\Projects\MFC_Experiments\MFC_Experiments\Debug\link.24144-rc.read.1.tlog
C:\Users\18007\Documents\Visual Studio 2012\Projects\MFC_Experiments\MFC_Experiments\Debug\link.24144-rc.write.1.tlog
C:\Users\18007\Documents\Visual Studio 2012\Projects\MFC_Experiments\MFC_Experiments\Debug\link.24144.read.1.tlog
C:\Users\18007\Documents\Visual Studio 2012\Projects\MFC_Experiments\MFC_Experiments\Debug\link.24144.write.1.tlog
C:\Users\18007\Documents\Visual Studio 2012\Projects\MFC_Experiments\MFC_Experiments\Debug\link.24432-cvtres.read.1.tlog
C:\Users\18007\Documents\Visual Studio 2012\Projects\MFC_Experiments\MFC_Experiments\Debug\link.24432-cvtres.write.1.tlog
C:\Users\18007\Documents\Visual Studio 2012\Projects\MFC_Experiments\MFC_Experiments\Debug\link.24432-mt.read.1.tlog
C:\Users\18007\Documents\Visual Studio 2012\Projects\MFC_Experiments\MFC_Experiments\Debug\link.24432-mt.write.1.tlog
C:\Users\18007\Documents\Visual Studio 2012\Projects\MFC_Experiments\MFC_Experiments\Debug\link.24432-rc.read.1.tlog
C:\Users\18007\Documents\Visual Studio 2012\Projects\MFC_Experiments\MFC_Experiments\Debug\link.24432-rc.write.1.tlog
C:\Users\18007\Documents\Visual Studio 2012\Projects\MFC_Experiments\MFC_Experiments\Debug\link.24432.read.1.tlog
C:\Users\18007\Documents\Visual Studio 2012\Projects\MFC_Experiments\MFC_Experiments\Debug\link.24432.write.1.tlog
C:\Users\18007\Documents\Visual Studio 2012\Projects\MFC_Experiments\MFC_Experiments\Debug\link.2816-cvtres.read.1.tlog
C:\Users\18007\Documents\Visual Studio 2012\Projects\MFC_Experiments\MFC_Experiments\Debug\link.2816-cvtres.write.1.tlog
C:\Users\18007\Documents\Visual Studio 2012\Projects\MFC_Experiments\MFC_Experiments\Debug\link.2816-mt.read.1.tlog
C:\Users\18007\Documents\Visual Studio 2012\Projects\MFC_Experiments\MFC_Experiments\Debug\link.2816-mt.write.1.tlog
C:\Users\18007\Documents\Visual Studio 2012\Projects\MFC_Experiments\MFC_Experiments\Debug\link.2816-rc.read.1.tlog
C:\Users\18007\Documents\Visual Studio 2012\Projects\MFC_Experiments\MFC_Experiments\Debug\link.2816-rc.write.1.tlog
C:\Users\18007\Documents\Visual Studio 2012\Projects\MFC_Experiments\MFC_Experiments\Debug\link.2816.read.1.tlog
C:\Users\18007\Documents\Visual Studio 2012\Projects\MFC_Experiments\MFC_Experiments\Debug\link.2816.write.1.tlog
C:\Users\18007\Documents\Visual Studio 2012\Projects\MFC_Experiments\MFC_Experiments\Debug\link.3060-cvtres.read.1.tlog
C:\Users\18007\Documents\Visual Studio 2012\Projects\MFC_Experiments\MFC_Experiments\Debug\link.3060-cvtres.write.1.tlog
C:\Users\18007\Documents\Visual Studio 2012\Projects\MFC_Experiments\MFC_Experiments\Debug\link.3060-mt.read.1.tlog
C:\Users\18007\Documents\Visual Studio 2012\Projects\MFC_Experiments\MFC_Experiments\Debug\link.3060-mt.write.1.tlog
C:\Users\18007\Documents\Visual Studio 2012\Projects\MFC_Experiments\MFC_Experiments\Debug\link.3060-rc.read.1.tlog
C:\Users\18007\Documents\Visual Studio 2012\Projects\MFC_Experiments\MFC_Experiments\Debug\link.3060-rc.write.1.tlog
C:\Users\18007\Documents\Visual Studio 2012\Projects\MFC_Experiments\MFC_Experiments\Debug\link.3060.read.1.tlog
C:\Users\18007\Documents\Visual Studio 2012\Projects\MFC_Experiments\MFC_Experiments\Debug\link.3060.write.1.tlog
C:\Users\18007\Documents\Visual Studio 2012\Projects\MFC_Experiments\MFC_Experiments\Debug\link.5124-cvtres.read.1.tlog
C:\Users\18007\Documents\Visual Studio 2012\Projects\MFC_Experiments\MFC_Experiments\Debug\link.5124-cvtres.write.1.tlog
C:\Users\18007\Documents\Visual Studio 2012\Projects\MFC_Experiments\MFC_Experiments\Debug\link.5124-mt.read.1.tlog
C:\Users\18007\Documents\Visual Studio 2012\Projects\MFC_Experiments\MFC_Experiments\Debug\link.5124-mt.write.1.tlog
C:\Users\18007\Documents\Visual Studio 2012\Projects\MFC_Experiments\MFC_Experiments\Debug\link.5124-rc.read.1.tlog
C:\Users\18007\Documents\Visual Studio 2012\Projects\MFC_Experiments\MFC_Experiments\Debug\link.5124-rc.write.1.tlog
C:\Users\18007\Documents\Visual Studio 2012\Projects\MFC_Experiments\MFC_Experiments\Debug\link.5124.read.1.tlog
C:\Users\18007\Documents\Visual Studio 2012\Projects\MFC_Experiments\MFC_Experiments\Debug\link.5124.write.1.tlog
C:\Users\18007\Documents\Visual Studio 2012\Projects\MFC_Experiments\MFC_Experiments\Debug\link.8040-cvtres.read.1.tlog
C:\Users\18007\Documents\Visual Studio 2012\Projects\MFC_Experiments\MFC_Experiments\Debug\link.8040-cvtres.write.1.tlog
C:\Users\18007\Documents\Visual Studio 2012\Projects\MFC_Experiments\MFC_Experiments\Debug\link.8040-mt.read.1.tlog
C:\Users\18007\Documents\Visual Studio 2012\Projects\MFC_Experiments\MFC_Experiments\Debug\link.8040-mt.write.1.tlog
C:\Users\18007\Documents\Visual Studio 2012\Projects\MFC_Experiments\MFC_Experiments\Debug\link.8040-rc.read.1.tlog
C:\Users\18007\Documents\Visual Studio 2012\Projects\MFC_Experiments\MFC_Experiments\Debug\link.8040-rc.write.1.tlog
C:\Users\18007\Documents\Visual Studio 2012\Projects\MFC_Experiments\MFC_Experiments\Debug\link.8040.read.1.tlog
C:\Users\18007\Documents\Visual Studio 2012\Projects\MFC_Experiments\MFC_Experiments\Debug\link.8040.write.1.tlog
C:\Users\18007\Documents\Visual Studio 2012\Projects\MFC_Experiments\MFC_Experiments\Debug\link.8496-cvtres.read.1.tlog
C:\Users\18007\Documents\Visual Studio 2012\Projects\MFC_Experiments\MFC_Experiments\Debug\link.8496-cvtres.write.1.tlog
C:\Users\18007\Documents\Visual Studio 2012\Projects\MFC_Experiments\MFC_Experiments\Debug\link.8496-mt.read.1.tlog
C:\Users\18007\Documents\Visual Studio 2012\Projects\MFC_Experiments\MFC_Experiments\Debug\link.8496-mt.write.1.tlog
C:\Users\18007\Documents\Visual Studio 2012\Projects\MFC_Experiments\MFC_Experiments\Debug\link.8496-rc.read.1.tlog
C:\Users\18007\Documents\Visual Studio 2012\Projects\MFC_Experiments\MFC_Experiments\Debug\link.8496-rc.write.1.tlog
C:\Users\18007\Documents\Visual Studio 2012\Projects\MFC_Experiments\MFC_Experiments\Debug\link.8496.read.1.tlog
C:\Users\18007\Documents\Visual Studio 2012\Projects\MFC_Experiments\MFC_Experiments\Debug\link.8496.write.1.tlog
C:\Users\18007\Documents\Visual Studio 2012\Projects\MFC_Experiments\MFC_Experiments\Debug\link.8576-cvtres.read.1.tlog
C:\Users\18007\Documents\Visual Studio 2012\Projects\MFC_Experiments\MFC_Experiments\Debug\link.8576-cvtres.write.1.tlog
C:\Users\18007\Documents\Visual Studio 2012\Projects\MFC_Experiments\MFC_Experiments\Debug\link.8576-mt.read.1.tlog
C:\Users\18007\Documents\Visual Studio 2012\Projects\MFC_Experiments\MFC_Experiments\Debug\link.8576-mt.write.1.tlog
C:\Users\18007\Documents\Visual Studio 2012\Projects\MFC_Experiments\MFC_Experiments\Debug\link.8576-rc.read.1.tlog
C:\Users\18007\Documents\Visual Studio 2012\Projects\MFC_Experiments\MFC_Experiments\Debug\link.8576-rc.write.1.tlog
C:\Users\18007\Documents\Visual Studio 2012\Projects\MFC_Experiments\MFC_Experiments\Debug\link.8576.read.1.tlog
C:\Users\18007\Documents\Visual Studio 2012\Projects\MFC_Experiments\MFC_Experiments\Debug\link.8576.write.1.tlog
C:\Users\18007\Documents\Visual Studio 2012\Projects\MFC_Experiments\MFC_Experiments\Debug\link.884-cvtres.read.1.tlog
C:\Users\18007\Documents\Visual Studio 2012\Projects\MFC_Experiments\MFC_Experiments\Debug\link.884-cvtres.write.1.tlog
C:\Users\18007\Documents\Visual Studio 2012\Projects\MFC_Experiments\MFC_Experiments\Debug\link.884-mt.read.1.tlog
C:\Users\18007\Documents\Visual Studio 2012\Projects\MFC_Experiments\MFC_Experiments\Debug\link.884-mt.write.1.tlog
C:\Users\18007\Documents\Visual Studio 2012\Projects\MFC_Experiments\MFC_Experiments\Debug\link.884-rc.read.1.tlog
C:\Users\18007\Documents\Visual Studio 2012\Projects\MFC_Experiments\MFC_Experiments\Debug\link.884-rc.write.1.tlog
C:\Users\18007\Documents\Visual Studio 2012\Projects\MFC_Experiments\MFC_Experiments\Debug\link.884.read.1.tlog
C:\Users\18007\Documents\Visual Studio 2012\Projects\MFC_Experiments\MFC_Experiments\Debug\link.884.write.1.tlog
C:\Users\18007\Documents\Visual Studio 2012\Projects\MFC_Experiments\MFC_Experiments\Debug\link.8984-cvtres.read.1.tlog
C:\Users\18007\Documents\Visual Studio 2012\Projects\MFC_Experiments\MFC_Experiments\Debug\link.8984-cvtres.write.1.tlog
C:\Users\18007\Documents\Visual Studio 2012\Projects\MFC_Experiments\MFC_Experiments\Debug\link.8984-mt.read.1.tlog
C:\Users\18007\Documents\Visual Studio 2012\Projects\MFC_Experiments\MFC_Experiments\Debug\link.8984-mt.write.1.tlog
C:\Users\18007\Documents\Visual Studio 2012\Projects\MFC_Experiments\MFC_Experiments\Debug\link.8984-rc.read.1.tlog
C:\Users\18007\Documents\Visual Studio 2012\Projects\MFC_Experiments\MFC_Experiments\Debug\link.8984-rc.write.1.tlog
C:\Users\18007\Documents\Visual Studio 2012\Projects\MFC_Experiments\MFC_Experiments\Debug\link.8984.read.1.tlog
C:\Users\18007\Documents\Visual Studio 2012\Projects\MFC_Experiments\MFC_Experiments\Debug\link.8984.write.1.tlog
C:\Users\18007\Documents\Visual Studio 2012\Projects\MFC_Experiments\MFC_Experiments\Debug\link.9744-cvtres.read.1.tlog
C:\Users\18007\Documents\Visual Studio 2012\Projects\MFC_Experiments\MFC_Experiments\Debug\link.9744-cvtres.write.1.tlog
C:\Users\18007\Documents\Visual Studio 2012\Projects\MFC_Experiments\MFC_Experiments\Debug\link.9744-mt.read.1.tlog
C:\Users\18007\Documents\Visual Studio 2012\Projects\MFC_Experiments\MFC_Experiments\Debug\link.9744-mt.write.1.tlog
C:\Users\18007\Documents\Visual Studio 2012\Projects\MFC_Experiments\MFC_Experiments\Debug\link.9744-rc.read.1.tlog
C:\Users\18007\Documents\Visual Studio 2012\Projects\MFC_Experiments\MFC_Experiments\Debug\link.9744-rc.write.1.tlog
C:\Users\18007\Documents\Visual Studio 2012\Projects\MFC_Experiments\MFC_Experiments\Debug\link.9744.read.1.tlog
C:\Users\18007\Documents\Visual Studio 2012\Projects\MFC_Experiments\MFC_Experiments\Debug\link.9744.write.1.tlog
C:\Users\18007\Documents\Visual Studio 2012\Projects\MFC_Experiments\MFC_Experiments\Debug\link.command.1.tlog
C:\Users\18007\Documents\Visual Studio 2012\Projects\MFC_Experiments\MFC_Experiments\Debug\link.read.1.tlog
C:\Users\18007\Documents\Visual Studio 2012\Projects\MFC_Experiments\MFC_Experiments\Debug\link.write.1.tlog
C:\Users\18007\Documents\Visual Studio 2012\Projects\MFC_Experiments\MFC_Experiments\Debug\rc.command.1.tlog
C:\Users\18007\Documents\Visual Studio 2012\Projects\MFC_Experiments\MFC_Experiments\Debug\rc.read.1.tlog
C:\Users\18007\Documents\Visual Studio 2012\Projects\MFC_Experiments\MFC_Experiments\Debug\rc.write.1.tlog
C:\Users\18007\Documents\Visual Studio 2012\Projects\MFC_Experiments\MFC_Experiments\Debug\MFC_Experiments.res
C:\Users\18007\Documents\Visual Studio 2012\Projects\MFC_Experiments\MFC_Experiments\Debug\MFC_Experiments.pch
C:\Users\18007\Documents\Visual Studio 2012\Projects\MFC_Experiments\MFC_Experiments\Debug\vc110.idb
C:\Users\18007\Documents\Visual Studio 2012\Projects\MFC_Experiments\MFC_Experiments\Debug\vc110.pdb
C:\Users\18007\Documents\Visual Studio 2012\Projects\MFC_Experiments\Debug\MFC_Experiments.pdb
